# JRE version: OpenJDK Runtime Environment (8.0_242-b01) (build 1.8.0_242-release-1644-b01)
# Java VM: OpenJDK 64-Bit Server VM (25.242-b01 mixed mode windows-amd64 compressed oops)
Heap:
 PSYoungGen      total 641536K, used 394341K [0x00000000d5580000, 0x00000000ffa80000, 0x0000000100000000)
  eden space 596992K, 62% used [0x00000000d5580000,0x00000000ec076180,0x00000000f9c80000)
  from space 44544K, 50% used [0x00000000fcf00000,0x00000000fe523308,0x00000000ffa80000)
  to   space 48128K, 0% used [0x00000000f9c80000,0x00000000f9c80000,0x00000000fcb80000)
 ParOldGen       total 221696K, used 60555K [0x0000000080000000, 0x000000008d880000, 0x00000000d5580000)
  object space 221696K, 27% used [0x0000000080000000,0x0000000083b22f30,0x000000008d880000)
 Metaspace       used 120281K, capacity 125860K, committed 126168K, reserved 1159168K
  class space    used 14947K, capacity 15992K, committed 16128K, reserved 1048576K
GC Heap History (10 events):
Event: 265.757 GC heap before
{Heap before GC invocations=41 (full 4):
 PSYoungGen      total 649216K, used 610496K [0x00000000d5580000, 0x0000000100000000, 0x0000000100000000)
  eden space 599552K, 100% used [0x00000000d5580000,0x00000000f9f00000,0x00000000f9f00000)
  from space 49664K, 22% used [0x00000000fcf80000,0x00000000fda30398,0x0000000100000000)
  to   space 49664K, 0% used [0x00000000f9f00000,0x00000000f9f00000,0x00000000fcf80000)
 ParOldGen       total 221696K, used 178749K [0x0000000080000000, 0x000000008d880000, 0x00000000d5580000)
  object space 221696K, 80% used [0x0000000080000000,0x000000008ae8f400,0x000000008d880000)
 Metaspace       used 113651K, capacity 118774K, committed 118872K, reserved 1153024K
  class space    used 14470K, capacity 15472K, committed 15488K, reserved 1048576K
Event: 265.813 GC heap after
Heap after GC invocations=41 (full 4):
 PSYoungGen      total 627712K, used 27792K [0x00000000d5580000, 0x00000000ffe00000, 0x0000000100000000)
  eden space 599552K, 0% used [0x00000000d5580000,0x00000000d5580000,0x00000000f9f00000)
  from space 28160K, 98% used [0x00000000f9f00000,0x00000000fba242b0,0x00000000fba80000)
  to   space 48640K, 0% used [0x00000000fce80000,0x00000000fce80000,0x00000000ffe00000)
 ParOldGen       total 221696K, used 178757K [0x0000000080000000, 0x000000008d880000, 0x00000000d5580000)
  object space 221696K, 80% used [0x0000000080000000,0x000000008ae91400,0x000000008d880000)
 Metaspace       used 113651K, capacity 118774K, committed 118872K, reserved 1153024K
  class space    used 14470K, capacity 15472K, committed 15488K, reserved 1048576K
}
Event: 276.098 GC heap before
{Heap before GC invocations=42 (full 4):
 PSYoungGen      total 627712K, used 626506K [0x00000000d5580000, 0x00000000ffe00000, 0x0000000100000000)
  eden space 599552K, 99% used [0x00000000d5580000,0x00000000f9e2e8e0,0x00000000f9f00000)
  from space 28160K, 98% used [0x00000000f9f00000,0x00000000fba242b0,0x00000000fba80000)
  to   space 48640K, 0% used [0x00000000fce80000,0x00000000fce80000,0x00000000ffe00000)
 ParOldGen       total 221696K, used 178757K [0x0000000080000000, 0x000000008d880000, 0x00000000d5580000)
  object space 221696K, 80% used [0x0000000080000000,0x000000008ae91400,0x000000008d880000)
 Metaspace       used 114921K, capacity 120252K, committed 120408K, reserved 1155072K
  class space    used 14643K, capacity 15645K, committed 15744K, reserved 1048576K
Event: 276.205 GC heap after
Heap after GC invocations=42 (full 4):
 PSYoungGen      total 644096K, used 39331K [0x00000000d5580000, 0x0000000100000000, 0x0000000100000000)
  eden space 595456K, 0% used [0x00000000d5580000,0x00000000d5580000,0x00000000f9b00000)
  from space 48640K, 80% used [0x00000000fce80000,0x00000000ff4e8c18,0x00000000ffe00000)
  to   space 51712K, 0% used [0x00000000f9b00000,0x00000000f9b00000,0x00000000fcd80000)
 ParOldGen       total 221696K, used 178765K [0x0000000080000000, 0x000000008d880000, 0x00000000d5580000)
  object space 221696K, 80% used [0x0000000080000000,0x000000008ae93400,0x000000008d880000)
 Metaspace       used 114921K, capacity 120252K, committed 120408K, reserved 1155072K
  class space    used 14643K, capacity 15645K, committed 15744K, reserved 1048576K
}
Event: 3697.310 GC heap before
{Heap before GC invocations=43 (full 4):
 PSYoungGen      total 644096K, used 544174K [0x00000000d5580000, 0x0000000100000000, 0x0000000100000000)
  eden space 595456K, 84% used [0x00000000d5580000,0x00000000f4282d78,0x00000000f9b00000)
  from space 48640K, 80% used [0x00000000fce80000,0x00000000ff4e8c18,0x00000000ffe00000)
  to   space 51712K, 0% used [0x00000000f9b00000,0x00000000f9b00000,0x00000000fcd80000)
 ParOldGen       total 221696K, used 178765K [0x0000000080000000, 0x000000008d880000, 0x00000000d5580000)
  object space 221696K, 80% used [0x0000000080000000,0x000000008ae93400,0x000000008d880000)
 Metaspace       used 119288K, capacity 124880K, committed 125144K, reserved 1159168K
  class space    used 14946K, capacity 16023K, committed 16128K, reserved 1048576K
Event: 3697.779 GC heap after
Heap after GC invocations=43 (full 4):
 PSYoungGen      total 647168K, used 20836K [0x00000000d5580000, 0x0000000100000000, 0x0000000100000000)
  eden space 595456K, 0% used [0x00000000d5580000,0x00000000d5580000,0x00000000f9b00000)
  from space 51712K, 40% used [0x00000000f9b00000,0x00000000faf59160,0x00000000fcd80000)
  to   space 50176K, 0% used [0x00000000fcf00000,0x00000000fcf00000,0x0000000100000000)
 ParOldGen       total 221696K, used 178773K [0x0000000080000000, 0x000000008d880000, 0x00000000d5580000)
  object space 221696K, 80% used [0x0000000080000000,0x000000008ae95400,0x000000008d880000)
 Metaspace       used 119288K, capacity 124880K, committed 125144K, reserved 1159168K
  class space    used 14946K, capacity 16023K, committed 16128K, reserved 1048576K
}
Event: 3697.779 GC heap before
{Heap before GC invocations=44 (full 5):
 PSYoungGen      total 647168K, used 20836K [0x00000000d5580000, 0x0000000100000000, 0x0000000100000000)
  eden space 595456K, 0% used [0x00000000d5580000,0x00000000d5580000,0x00000000f9b00000)
  from space 51712K, 40% used [0x00000000f9b00000,0x00000000faf59160,0x00000000fcd80000)
  to   space 50176K, 0% used [0x00000000fcf00000,0x00000000fcf00000,0x0000000100000000)
 ParOldGen       total 221696K, used 178773K [0x0000000080000000, 0x000000008d880000, 0x00000000d5580000)
  object space 221696K, 80% used [0x0000000080000000,0x000000008ae95400,0x000000008d880000)
 Metaspace       used 119288K, capacity 124880K, committed 125144K, reserved 1159168K
  class space    used 14946K, capacity 16023K, committed 16128K, reserved 1048576K
Event: 3700.329 GC heap after
Heap after GC invocations=44 (full 5):
 PSYoungGen      total 647168K, used 0K [0x00000000d5580000, 0x0000000100000000, 0x0000000100000000)
  eden space 595456K, 0% used [0x00000000d5580000,0x00000000d5580000,0x00000000f9b00000)
  from space 51712K, 0% used [0x00000000f9b00000,0x00000000f9b00000,0x00000000fcd80000)
  to   space 50176K, 0% used [0x00000000fcf00000,0x00000000fcf00000,0x0000000100000000)
 ParOldGen       total 221696K, used 60547K [0x0000000080000000, 0x000000008d880000, 0x00000000d5580000)
  object space 221696K, 27% used [0x0000000080000000,0x0000000083b20f30,0x000000008d880000)
 Metaspace       used 118499K, capacity 123502K, committed 125144K, reserved 1159168K
  class space    used 14806K, capacity 15761K, committed 16128K, reserved 1048576K
}
Event: 5681.862 GC heap before
{Heap before GC invocations=45 (full 5):
 PSYoungGen      total 647168K, used 595276K [0x00000000d5580000, 0x0000000100000000, 0x0000000100000000)
  eden space 595456K, 99% used [0x00000000d5580000,0x00000000f9ad31b0,0x00000000f9b00000)
  from space 51712K, 0% used [0x00000000f9b00000,0x00000000f9b00000,0x00000000fcd80000)
  to   space 50176K, 0% used [0x00000000fcf00000,0x00000000fcf00000,0x0000000100000000)
 ParOldGen       total 221696K, used 60547K [0x0000000080000000, 0x000000008d880000, 0x00000000d5580000)
  object space 221696K, 27% used [0x0000000080000000,0x0000000083b20f30,0x000000008d880000)
 Metaspace       used 119810K, capacity 125274K, committed 125912K, reserved 1159168K
  class space    used 14923K, capacity 15949K, committed 16128K, reserved 1048576K
Event: 5683.333 GC heap after
Heap after GC invocations=45 (full 5):
 PSYoungGen      total 641536K, used 22668K [0x00000000d5580000, 0x00000000ffa80000, 0x0000000100000000)
  eden space 596992K, 0% used [0x00000000d5580000,0x00000000d5580000,0x00000000f9c80000)
  from space 44544K, 50% used [0x00000000fcf00000,0x00000000fe523308,0x00000000ffa80000)
  to   space 48128K, 0% used [0x00000000f9c80000,0x00000000f9c80000,0x00000000fcb80000)
 ParOldGen       total 221696K, used 60555K [0x0000000080000000, 0x000000008d880000, 0x00000000d5580000)
  object space 221696K, 27% used [0x0000000080000000,0x0000000083b22f30,0x000000008d880000)
 Metaspace       used 119810K, capacity 125274K, committed 125912K, reserved 1159168K
  class space    used 14923K, capacity 15949K, committed 16128K, reserved 1048576K
}

